2026-03-12T11:16:16.158+05:30  INFO 26384 --- [order-service] [main] c.p.o.OrderServiceApplication            : Starting OrderServiceApplication using Java 21.0.10 with PID 26384 (C:\Dev\Projects\microservices-project\order-service\target\classes started by kkris in C:\Dev\Projects\microservices-project)
2026-03-12T11:16:16.173+05:30  INFO 26384 --- [order-service] [main] c.p.o.OrderServiceApplication            : No active profile set, falling back to 1 default profile: "default"
2026-03-12T11:16:17.906+05:30  INFO 26384 --- [order-service] [main] .s.d.r.c.RepositoryConfigurationDelegate : Bootstrapping Spring Data JPA repositories in DEFAULT mode.
2026-03-12T11:16:17.994+05:30  INFO 26384 --- [order-service] [main] .s.d.r.c.RepositoryConfigurationDelegate : Finished Spring Data repository scanning in 74 ms. Found 1 JPA repository interface.
2026-03-12T11:16:19.194+05:30  INFO 26384 --- [order-service] [main] o.s.b.w.embedded.tomcat.TomcatWebServer  : Tomcat initialized with port 8081 (http)
2026-03-12T11:16:19.218+05:30  INFO 26384 --- [order-service] [main] o.apache.catalina.core.StandardService   : Starting service [Tomcat]
2026-03-12T11:16:19.219+05:30  INFO 26384 --- [order-service] [main] o.apache.catalina.core.StandardEngine    : Starting Servlet engine: [Apache Tomcat/10.1.20]
2026-03-12T11:16:19.350+05:30  INFO 26384 --- [order-service] [main] o.a.c.c.C.[Tomcat].[localhost].[/]       : Initializing Spring embedded WebApplicationContext
2026-03-12T11:16:19.351+05:30  INFO 26384 --- [order-service] [main] w.s.c.ServletWebServerApplicationContext : Root WebApplicationContext: initialization completed in 3085 ms
2026-03-12T11:16:19.888+05:30  INFO 26384 --- [order-service] [main] o.hibernate.jpa.internal.util.LogHelper  : HHH000204: Processing PersistenceUnitInfo [name: default]
2026-03-12T11:16:20.017+05:30  INFO 26384 --- [order-service] [main] org.hibernate.Version                    : HHH000412: Hibernate ORM core version 6.4.4.Final
2026-03-12T11:16:20.082+05:30  INFO 26384 --- [order-service] [main] o.h.c.internal.RegionFactoryInitiator    : HHH000026: Second-level cache disabled
2026-03-12T11:16:20.488+05:30  INFO 26384 --- [order-service] [main] o.s.o.j.p.SpringPersistenceUnitInfo      : No LoadTimeWeaver setup: ignoring JPA class transformer
2026-03-12T11:16:20.550+05:30  INFO 26384 --- [order-service] [main] com.zaxxer.hikari.HikariDataSource       : HikariPool-1 - Starting...
2026-03-12T11:16:20.786+05:30  INFO 26384 --- [order-service] [main] com.zaxxer.hikari.pool.HikariPool        : HikariPool-1 - Added connection org.postgresql.jdbc.PgConnection@294ebe11
2026-03-12T11:16:20.788+05:30  INFO 26384 --- [order-service] [main] com.zaxxer.hikari.HikariDataSource       : HikariPool-1 - Start completed.
2026-03-12T11:16:22.495+05:30  INFO 26384 --- [order-service] [main] o.h.e.t.j.p.i.JtaPlatformInitiator       : HHH000489: No JTA platform available (set 'hibernate.transaction.jta.platform' to enable JTA platform integration)
2026-03-12T11:16:22.678+05:30  INFO 26384 --- [order-service] [main] j.LocalContainerEntityManagerFactoryBean : Initialized JPA EntityManagerFactory for persistence unit 'default'
2026-03-12T11:16:23.488+05:30  WARN 26384 --- [order-service] [main] JpaBaseConfiguration$JpaWebConfiguration : spring.jpa.open-in-view is enabled by default. Therefore, database queries may be performed during view rendering. Explicitly configure spring.jpa.open-in-view to disable this warning
2026-03-12T11:16:24.924+05:30  INFO 26384 --- [order-service] [main] o.s.b.a.e.web.EndpointLinksResolver      : Exposing 1 endpoint(s) beneath base path '/actuator'
2026-03-12T11:16:25.081+05:30  INFO 26384 --- [order-service] [main] o.s.b.w.embedded.tomcat.TomcatWebServer  : Tomcat started on port 8081 (http) with context path ''
2026-03-12T11:16:25.106+05:30  INFO 26384 --- [order-service] [main] c.p.o.OrderServiceApplication            : Started OrderServiceApplication in 9.811 seconds (process running for 10.795)
2026-03-12T11:16:25.859+05:30  INFO 26384 --- [order-service] [RMI TCP Connection(2)-192.168.1.6] o.a.c.c.C.[Tomcat].[localhost].[/]       : Initializing Spring DispatcherServlet 'dispatcherServlet'
2026-03-12T11:16:25.860+05:30  INFO 26384 --- [order-service] [RMI TCP Connection(2)-192.168.1.6] o.s.web.servlet.DispatcherServlet        : Initializing Servlet 'dispatcherServlet'
2026-03-12T11:16:25.863+05:30  INFO 26384 --- [order-service] [RMI TCP Connection(2)-192.168.1.6] o.s.web.servlet.DispatcherServlet        : Completed initialization in 2 ms
2026-03-12T11:17:08.296+05:30  INFO 26384 --- [order-service] [SpringApplicationShutdownHook] j.LocalContainerEntityManagerFactoryBean : Closing JPA EntityManagerFactory for persistence unit 'default'
2026-03-12T11:17:08.301+05:30  INFO 26384 --- [order-service] [SpringApplicationShutdownHook] com.zaxxer.hikari.HikariDataSource       : HikariPool-1 - Shutdown initiated...
2026-03-12T11:17:08.326+05:30  INFO 26384 --- [order-service] [SpringApplicationShutdownHook] com.zaxxer.hikari.HikariDataSource       : HikariPool-1 - Shutdown completed.
2026-03-12T11:18:42.207+05:30  INFO 17460 --- [order-service] [main] c.p.o.OrderServiceApplication            : Starting OrderServiceApplication using Java 21.0.10 with PID 17460 (C:\Dev\Projects\microservices-project\order-service\target\classes started by kkris in C:\Dev\Projects\microservices-project)
2026-03-12T11:18:42.211+05:30  INFO 17460 --- [order-service] [main] c.p.o.OrderServiceApplication            : No active profile set, falling back to 1 default profile: "default"
2026-03-12T11:18:43.826+05:30  INFO 17460 --- [order-service] [main] .s.d.r.c.RepositoryConfigurationDelegate : Bootstrapping Spring Data JPA repositories in DEFAULT mode.
2026-03-12T11:18:43.928+05:30  INFO 17460 --- [order-service] [main] .s.d.r.c.RepositoryConfigurationDelegate : Finished Spring Data repository scanning in 93 ms. Found 1 JPA repository interface.
2026-03-12T11:18:45.044+05:30  INFO 17460 --- [order-service] [main] o.s.b.w.embedded.tomcat.TomcatWebServer  : Tomcat initialized with port 8081 (http)
2026-03-12T11:18:45.062+05:30  INFO 17460 --- [order-service] [main] o.apache.catalina.core.StandardService   : Starting service [Tomcat]
2026-03-12T11:18:45.063+05:30  INFO 17460 --- [order-service] [main] o.apache.catalina.core.StandardEngine    : Starting Servlet engine: [Apache Tomcat/10.1.20]
2026-03-12T11:18:45.161+05:30  INFO 17460 --- [order-service] [main] o.a.c.c.C.[Tomcat].[localhost].[/]       : Initializing Spring embedded WebApplicationContext
2026-03-12T11:18:45.161+05:30  INFO 17460 --- [order-service] [main] w.s.c.ServletWebServerApplicationContext : Root WebApplicationContext: initialization completed in 2883 ms
2026-03-12T11:18:45.614+05:30  INFO 17460 --- [order-service] [main] o.hibernate.jpa.internal.util.LogHelper  : HHH000204: Processing PersistenceUnitInfo [name: default]
2026-03-12T11:18:45.724+05:30  INFO 17460 --- [order-service] [main] org.hibernate.Version                    : HHH000412: Hibernate ORM core version 6.4.4.Final
2026-03-12T11:18:45.775+05:30  INFO 17460 --- [order-service] [main] o.h.c.internal.RegionFactoryInitiator    : HHH000026: Second-level cache disabled
2026-03-12T11:18:46.172+05:30  INFO 17460 --- [order-service] [main] o.s.o.j.p.SpringPersistenceUnitInfo      : No LoadTimeWeaver setup: ignoring JPA class transformer
2026-03-12T11:18:46.239+05:30  INFO 17460 --- [order-service] [main] com.zaxxer.hikari.HikariDataSource       : HikariPool-1 - Starting...
2026-03-12T11:18:46.479+05:30  INFO 17460 --- [order-service] [main] com.zaxxer.hikari.pool.HikariPool        : HikariPool-1 - Added connection org.postgresql.jdbc.PgConnection@686e7513
2026-03-12T11:18:46.481+05:30  INFO 17460 --- [order-service] [main] com.zaxxer.hikari.HikariDataSource       : HikariPool-1 - Start completed.
2026-03-12T11:18:48.038+05:30  INFO 17460 --- [order-service] [main] o.h.e.t.j.p.i.JtaPlatformInitiator       : HHH000489: No JTA platform available (set 'hibernate.transaction.jta.platform' to enable JTA platform integration)
2026-03-12T11:18:48.118+05:30  INFO 17460 --- [order-service] [main] j.LocalContainerEntityManagerFactoryBean : Initialized JPA EntityManagerFactory for persistence unit 'default'
2026-03-12T11:18:48.973+05:30  WARN 17460 --- [order-service] [main] JpaBaseConfiguration$JpaWebConfiguration : spring.jpa.open-in-view is enabled by default. Therefore, database queries may be performed during view rendering. Explicitly configure spring.jpa.open-in-view to disable this warning
2026-03-12T11:18:50.299+05:30  INFO 17460 --- [order-service] [main] o.s.b.a.e.web.EndpointLinksResolver      : Exposing 1 endpoint(s) beneath base path '/actuator'
2026-03-12T11:18:50.424+05:30  INFO 17460 --- [order-service] [main] o.s.b.w.embedded.tomcat.TomcatWebServer  : Tomcat started on port 8081 (http) with context path ''
2026-03-12T11:18:50.440+05:30  INFO 17460 --- [order-service] [main] c.p.o.OrderServiceApplication            : Started OrderServiceApplication in 9.013 seconds (process running for 10.133)
2026-03-12T11:18:50.722+05:30  INFO 17460 --- [order-service] [RMI TCP Connection(2)-192.168.1.6] o.a.c.c.C.[Tomcat].[localhost].[/]       : Initializing Spring DispatcherServlet 'dispatcherServlet'
2026-03-12T11:18:50.723+05:30  INFO 17460 --- [order-service] [RMI TCP Connection(2)-192.168.1.6] o.s.web.servlet.DispatcherServlet        : Initializing Servlet 'dispatcherServlet'
2026-03-12T11:18:50.728+05:30  INFO 17460 --- [order-service] [RMI TCP Connection(2)-192.168.1.6] o.s.web.servlet.DispatcherServlet        : Completed initialization in 4 ms
2026-03-12T11:20:53.693+05:30  INFO 17460 --- [order-service] [SpringApplicationShutdownHook] j.LocalContainerEntityManagerFactoryBean : Closing JPA EntityManagerFactory for persistence unit 'default'
2026-03-12T11:20:53.700+05:30  INFO 17460 --- [order-service] [SpringApplicationShutdownHook] com.zaxxer.hikari.HikariDataSource       : HikariPool-1 - Shutdown initiated...
2026-03-12T11:20:53.716+05:30  INFO 17460 --- [order-service] [SpringApplicationShutdownHook] com.zaxxer.hikari.HikariDataSource       : HikariPool-1 - Shutdown completed.
2026-03-12T11:22:31.031+05:30  INFO 9268 --- [order-service] [main] c.p.o.OrderServiceApplication            : Starting OrderServiceApplication using Java 21.0.10 with PID 9268 (C:\Dev\Projects\microservices-project\order-service\target\classes started by kkris in C:\Dev\Projects\microservices-project)
2026-03-12T11:22:31.034+05:30  INFO 9268 --- [order-service] [main] c.p.o.OrderServiceApplication            : No active profile set, falling back to 1 default profile: "default"
2026-03-12T11:22:32.758+05:30  INFO 9268 --- [order-service] [main] .s.d.r.c.RepositoryConfigurationDelegate : Bootstrapping Spring Data JPA repositories in DEFAULT mode.
2026-03-12T11:22:32.827+05:30  INFO 9268 --- [order-service] [main] .s.d.r.c.RepositoryConfigurationDelegate : Finished Spring Data repository scanning in 57 ms. Found 1 JPA repository interface.
2026-03-12T11:22:34.113+05:30  INFO 9268 --- [order-service] [main] o.s.b.w.embedded.tomcat.TomcatWebServer  : Tomcat initialized with port 8081 (http)
2026-03-12T11:22:34.132+05:30  INFO 9268 --- [order-service] [main] o.apache.catalina.core.StandardService   : Starting service [Tomcat]
2026-03-12T11:22:34.133+05:30  INFO 9268 --- [order-service] [main] o.apache.catalina.core.StandardEngine    : Starting Servlet engine: [Apache Tomcat/10.1.20]
2026-03-12T11:22:34.288+05:30  INFO 9268 --- [order-service] [main] o.a.c.c.C.[Tomcat].[localhost].[/]       : Initializing Spring embedded WebApplicationContext
2026-03-12T11:22:34.289+05:30  INFO 9268 --- [order-service] [main] w.s.c.ServletWebServerApplicationContext : Root WebApplicationContext: initialization completed in 3169 ms
2026-03-12T11:22:34.814+05:30  INFO 9268 --- [order-service] [main] o.hibernate.jpa.internal.util.LogHelper  : HHH000204: Processing PersistenceUnitInfo [name: default]
2026-03-12T11:22:34.914+05:30  INFO 9268 --- [order-service] [main] org.hibernate.Version                    : HHH000412: Hibernate ORM core version 6.4.4.Final
2026-03-12T11:22:34.989+05:30  INFO 9268 --- [order-service] [main] o.h.c.internal.RegionFactoryInitiator    : HHH000026: Second-level cache disabled
2026-03-12T11:22:35.402+05:30  INFO 9268 --- [order-service] [main] o.s.o.j.p.SpringPersistenceUnitInfo      : No LoadTimeWeaver setup: ignoring JPA class transformer
2026-03-12T11:22:35.461+05:30  INFO 9268 --- [order-service] [main] com.zaxxer.hikari.HikariDataSource       : HikariPool-1 - Starting...
2026-03-12T11:22:35.719+05:30  INFO 9268 --- [order-service] [main] com.zaxxer.hikari.pool.HikariPool        : HikariPool-1 - Added connection org.postgresql.jdbc.PgConnection@1c0cf193
2026-03-12T11:22:35.723+05:30  INFO 9268 --- [order-service] [main] com.zaxxer.hikari.HikariDataSource       : HikariPool-1 - Start completed.
2026-03-12T11:22:37.502+05:30  INFO 9268 --- [order-service] [main] o.h.e.t.j.p.i.JtaPlatformInitiator       : HHH000489: No JTA platform available (set 'hibernate.transaction.jta.platform' to enable JTA platform integration)
2026-03-12T11:22:37.592+05:30  INFO 9268 --- [order-service] [main] j.LocalContainerEntityManagerFactoryBean : Initialized JPA EntityManagerFactory for persistence unit 'default'
2026-03-12T11:22:38.423+05:30  WARN 9268 --- [order-service] [main] JpaBaseConfiguration$JpaWebConfiguration : spring.jpa.open-in-view is enabled by default. Therefore, database queries may be performed during view rendering. Explicitly configure spring.jpa.open-in-view to disable this warning
2026-03-12T11:22:40.193+05:30  INFO 9268 --- [order-service] [main] o.s.b.a.e.web.EndpointLinksResolver      : Exposing 1 endpoint(s) beneath base path '/actuator'
2026-03-12T11:22:40.431+05:30  INFO 9268 --- [order-service] [main] o.s.b.w.embedded.tomcat.TomcatWebServer  : Tomcat started on port 8081 (http) with context path ''
2026-03-12T11:22:40.469+05:30  INFO 9268 --- [order-service] [main] c.p.o.OrderServiceApplication            : Started OrderServiceApplication in 10.166 seconds (process running for 11.081)
2026-03-12T11:22:41.074+05:30  INFO 9268 --- [order-service] [RMI TCP Connection(4)-192.168.1.6] o.a.c.c.C.[Tomcat].[localhost].[/]       : Initializing Spring DispatcherServlet 'dispatcherServlet'
2026-03-12T11:22:41.075+05:30  INFO 9268 --- [order-service] [RMI TCP Connection(4)-192.168.1.6] o.s.web.servlet.DispatcherServlet        : Initializing Servlet 'dispatcherServlet'
2026-03-12T11:22:41.079+05:30  INFO 9268 --- [order-service] [RMI TCP Connection(4)-192.168.1.6] o.s.web.servlet.DispatcherServlet        : Completed initialization in 4 ms
2026-03-12T11:43:06.930+05:30 DEBUG 9268 --- [order-service] [http-nio-8081-exec-1] org.hibernate.SQL                        : insert into orders (amount,created_at,order_status,product_name,updated_at,version) values (?,?,?,?,?,?)
2026-03-12T11:43:07.063+05:30  INFO 9268 --- [order-service] [http-nio-8081-exec-1] o.a.k.clients.producer.ProducerConfig    : ProducerConfig values: 
	acks = -1
	auto.include.jmx.reporter = true
	batch.size = 16384
	bootstrap.servers = [localhost:9092]
	buffer.memory = 33554432
	client.dns.lookup = use_all_dns_ips
	client.id = producer-1
	compression.type = none
	connections.max.idle.ms = 540000
	delivery.timeout.ms = 120000
	enable.idempotence = true
	interceptor.classes = []
	key.serializer = class org.apache.kafka.common.serialization.StringSerializer
	linger.ms = 0
	max.block.ms = 60000
	max.in.flight.requests.per.connection = 5
	max.request.size = 1048576
	metadata.max.age.ms = 300000
	metadata.max.idle.ms = 300000
	metric.reporters = []
	metrics.num.samples = 2
	metrics.recording.level = INFO
	metrics.sample.window.ms = 30000
	partitioner.adaptive.partitioning.enable = true
	partitioner.availability.timeout.ms = 0
	partitioner.class = null
	partitioner.ignore.keys = false
	receive.buffer.bytes = 32768
	reconnect.backoff.max.ms = 1000
	reconnect.backoff.ms = 50
	request.timeout.ms = 30000
	retries = 2147483647
	retry.backoff.ms = 100
	sasl.client.callback.handler.class = null
	sasl.jaas.config = null
	sasl.kerberos.kinit.cmd = /usr/bin/kinit
	sasl.kerberos.min.time.before.relogin = 60000
	sasl.kerberos.service.name = null
	sasl.kerberos.ticket.renew.jitter = 0.05
	sasl.kerberos.ticket.renew.window.factor = 0.8
	sasl.login.callback.handler.class = null
	sasl.login.class = null
	sasl.login.connect.timeout.ms = null
	sasl.login.read.timeout.ms = null
	sasl.login.refresh.buffer.seconds = 300
	sasl.login.refresh.min.period.seconds = 60
	sasl.login.refresh.window.factor = 0.8
	sasl.login.refresh.window.jitter = 0.05
	sasl.login.retry.backoff.max.ms = 10000
	sasl.login.retry.backoff.ms = 100
	sasl.mechanism = GSSAPI
	sasl.oauthbearer.clock.skew.seconds = 30
	sasl.oauthbearer.expected.audience = null
	sasl.oauthbearer.expected.issuer = null
	sasl.oauthbearer.jwks.endpoint.refresh.ms = 3600000
	sasl.oauthbearer.jwks.endpoint.retry.backoff.max.ms = 10000
	sasl.oauthbearer.jwks.endpoint.retry.backoff.ms = 100
	sasl.oauthbearer.jwks.endpoint.url = null
	sasl.oauthbearer.scope.claim.name = scope
	sasl.oauthbearer.sub.claim.name = sub
	sasl.oauthbearer.token.endpoint.url = null
	security.protocol = PLAINTEXT
	security.providers = null
	send.buffer.bytes = 131072
	socket.connection.setup.timeout.max.ms = 30000
	socket.connection.setup.timeout.ms = 10000
	ssl.cipher.suites = null
	ssl.enabled.protocols = [TLSv1.2, TLSv1.3]
	ssl.endpoint.identification.algorithm = https
	ssl.engine.factory.class = null
	ssl.key.password = null
	ssl.keymanager.algorithm = SunX509
	ssl.keystore.certificate.chain = null
	ssl.keystore.key = null
	ssl.keystore.location = null
	ssl.keystore.password = null
	ssl.keystore.type = JKS
	ssl.protocol = TLSv1.3
	ssl.provider = null
	ssl.secure.random.implementation = null
	ssl.trustmanager.algorithm = PKIX
	ssl.truststore.certificates = null
	ssl.truststore.location = null
	ssl.truststore.password = null
	ssl.truststore.type = JKS
	transaction.timeout.ms = 60000
	transactional.id = null
	value.serializer = class org.springframework.kafka.support.serializer.JsonSerializer

2026-03-12T11:43:07.132+05:30  INFO 9268 --- [order-service] [http-nio-8081-exec-1] o.a.k.clients.producer.KafkaProducer     : [Producer clientId=producer-1] Instantiated an idempotent producer.
2026-03-12T11:43:07.263+05:30  INFO 9268 --- [order-service] [http-nio-8081-exec-1] o.a.kafka.common.utils.AppInfoParser     : Kafka version: 3.6.2
2026-03-12T11:43:07.264+05:30  INFO 9268 --- [order-service] [http-nio-8081-exec-1] o.a.kafka.common.utils.AppInfoParser     : Kafka commitId: c4deed513057c94e
2026-03-12T11:43:07.265+05:30  INFO 9268 --- [order-service] [http-nio-8081-exec-1] o.a.kafka.common.utils.AppInfoParser     : Kafka startTimeMs: 1773295987259
2026-03-12T11:43:08.171+05:30  INFO 9268 --- [order-service] [kafka-producer-network-thread | producer-1] org.apache.kafka.clients.Metadata        : [Producer clientId=producer-1] Cluster ID: DmOpNCzQREyQyxZAd1qtBQ
2026-03-12T11:43:08.221+05:30  INFO 9268 --- [order-service] [http-nio-8081-exec-1] c.p.o.service.impl.OrderServiceImpl      : Order saved successfully for the Product : Mouse
2026-03-12T11:43:08.247+05:30  INFO 9268 --- [order-service] [kafka-producer-network-thread | producer-1] o.a.k.c.p.internals.TransactionManager   : [Producer clientId=producer-1] ProducerId set to 0 with epoch 0
2026-03-12T11:52:08.353+05:30  INFO 9268 --- [order-service] [kafka-producer-network-thread | producer-1] org.apache.kafka.clients.NetworkClient   : [Producer clientId=producer-1] Node -1 disconnected.
2026-03-12T11:58:26.638+05:30  INFO 9268 --- [order-service] [SpringApplicationShutdownHook] o.a.k.clients.producer.KafkaProducer     : [Producer clientId=producer-1] Closing the Kafka producer with timeoutMillis = 30000 ms.
2026-03-12T11:58:26.646+05:30  INFO 9268 --- [order-service] [SpringApplicationShutdownHook] o.apache.kafka.common.metrics.Metrics    : Metrics scheduler closed
2026-03-12T11:58:26.646+05:30  INFO 9268 --- [order-service] [SpringApplicationShutdownHook] o.apache.kafka.common.metrics.Metrics    : Closing reporter org.apache.kafka.common.metrics.JmxReporter
2026-03-12T11:58:26.646+05:30  INFO 9268 --- [order-service] [SpringApplicationShutdownHook] o.apache.kafka.common.metrics.Metrics    : Metrics reporters closed
2026-03-12T11:58:26.647+05:30  INFO 9268 --- [order-service] [SpringApplicationShutdownHook] o.a.kafka.common.utils.AppInfoParser     : App info kafka.producer for producer-1 unregistered
2026-03-12T11:58:26.661+05:30  INFO 9268 --- [order-service] [SpringApplicationShutdownHook] j.LocalContainerEntityManagerFactoryBean : Closing JPA EntityManagerFactory for persistence unit 'default'
2026-03-12T11:58:26.669+05:30  INFO 9268 --- [order-service] [SpringApplicationShutdownHook] com.zaxxer.hikari.HikariDataSource       : HikariPool-1 - Shutdown initiated...
2026-03-12T11:58:26.672+05:30  INFO 9268 --- [order-service] [SpringApplicationShutdownHook] com.zaxxer.hikari.HikariDataSource       : HikariPool-1 - Shutdown completed.
2026-03-12T12:07:41.318+05:30  INFO 23420 --- [order-service] [main] c.p.o.OrderServiceApplication            : Starting OrderServiceApplication using Java 21.0.10 with PID 23420 (C:\Dev\Projects\microservices-project\order-service\target\classes started by kkris in C:\Dev\Projects\microservices-project)
2026-03-12T12:07:41.322+05:30  INFO 23420 --- [order-service] [main] c.p.o.OrderServiceApplication            : No active profile set, falling back to 1 default profile: "default"
2026-03-12T12:07:42.994+05:30  INFO 23420 --- [order-service] [main] .s.d.r.c.RepositoryConfigurationDelegate : Bootstrapping Spring Data JPA repositories in DEFAULT mode.
2026-03-12T12:07:43.072+05:30  INFO 23420 --- [order-service] [main] .s.d.r.c.RepositoryConfigurationDelegate : Finished Spring Data repository scanning in 67 ms. Found 1 JPA repository interface.
2026-03-12T12:07:44.373+05:30  INFO 23420 --- [order-service] [main] o.s.b.w.embedded.tomcat.TomcatWebServer  : Tomcat initialized with port 8081 (http)
2026-03-12T12:07:44.428+05:30  INFO 23420 --- [order-service] [main] o.apache.catalina.core.StandardService   : Starting service [Tomcat]
2026-03-12T12:07:44.516+05:30  INFO 23420 --- [order-service] [main] o.apache.catalina.core.StandardEngine    : Starting Servlet engine: [Apache Tomcat/10.1.20]
2026-03-12T12:07:45.777+05:30  INFO 23420 --- [order-service] [main] o.a.c.c.C.[Tomcat].[localhost].[/]       : Initializing Spring embedded WebApplicationContext
2026-03-12T12:07:45.778+05:30  INFO 23420 --- [order-service] [main] w.s.c.ServletWebServerApplicationContext : Root WebApplicationContext: initialization completed in 4384 ms
2026-03-12T12:07:46.494+05:30  INFO 23420 --- [order-service] [main] o.hibernate.jpa.internal.util.LogHelper  : HHH000204: Processing PersistenceUnitInfo [name: default]
2026-03-12T12:07:46.656+05:30  INFO 23420 --- [order-service] [main] org.hibernate.Version                    : HHH000412: Hibernate ORM core version 6.4.4.Final
2026-03-12T12:07:46.772+05:30  INFO 23420 --- [order-service] [main] o.h.c.internal.RegionFactoryInitiator    : HHH000026: Second-level cache disabled
2026-03-12T12:07:47.489+05:30  INFO 23420 --- [order-service] [main] o.s.o.j.p.SpringPersistenceUnitInfo      : No LoadTimeWeaver setup: ignoring JPA class transformer
2026-03-12T12:07:47.574+05:30  INFO 23420 --- [order-service] [main] com.zaxxer.hikari.HikariDataSource       : HikariPool-1 - Starting...
2026-03-12T12:07:48.012+05:30  INFO 23420 --- [order-service] [main] com.zaxxer.hikari.pool.HikariPool        : HikariPool-1 - Added connection org.postgresql.jdbc.PgConnection@3a751535
2026-03-12T12:07:48.017+05:30  INFO 23420 --- [order-service] [main] com.zaxxer.hikari.HikariDataSource       : HikariPool-1 - Start completed.
2026-03-12T12:07:50.428+05:30  INFO 23420 --- [order-service] [main] o.h.e.t.j.p.i.JtaPlatformInitiator       : HHH000489: No JTA platform available (set 'hibernate.transaction.jta.platform' to enable JTA platform integration)
2026-03-12T12:07:50.974+05:30  INFO 23420 --- [order-service] [main] j.LocalContainerEntityManagerFactoryBean : Initialized JPA EntityManagerFactory for persistence unit 'default'
2026-03-12T12:07:52.815+05:30  WARN 23420 --- [order-service] [main] JpaBaseConfiguration$JpaWebConfiguration : spring.jpa.open-in-view is enabled by default. Therefore, database queries may be performed during view rendering. Explicitly configure spring.jpa.open-in-view to disable this warning
2026-03-12T12:07:55.347+05:30  INFO 23420 --- [order-service] [main] o.s.b.a.e.web.EndpointLinksResolver      : Exposing 1 endpoint(s) beneath base path '/actuator'
2026-03-12T12:07:55.619+05:30  INFO 23420 --- [order-service] [main] o.s.b.w.embedded.tomcat.TomcatWebServer  : Tomcat started on port 8081 (http) with context path ''
2026-03-12T12:07:55.679+05:30  INFO 23420 --- [order-service] [main] c.p.o.OrderServiceApplication            : Started OrderServiceApplication in 15.136 seconds (process running for 16.108)
2026-03-12T12:07:56.509+05:30  INFO 23420 --- [order-service] [RMI TCP Connection(2)-192.168.1.6] o.a.c.c.C.[Tomcat].[localhost].[/]       : Initializing Spring DispatcherServlet 'dispatcherServlet'
2026-03-12T12:07:56.514+05:30  INFO 23420 --- [order-service] [RMI TCP Connection(2)-192.168.1.6] o.s.web.servlet.DispatcherServlet        : Initializing Servlet 'dispatcherServlet'
2026-03-12T12:07:56.517+05:30  INFO 23420 --- [order-service] [RMI TCP Connection(2)-192.168.1.6] o.s.web.servlet.DispatcherServlet        : Completed initialization in 3 ms
2026-03-12T12:17:14.988+05:30 DEBUG 23420 --- [order-service] [http-nio-8081-exec-7] org.hibernate.SQL                        : insert into orders (amount,created_at,order_status,product_name,updated_at,version) values (?,?,?,?,?,?)
2026-03-12T12:17:15.115+05:30  INFO 23420 --- [order-service] [http-nio-8081-exec-7] o.a.k.clients.producer.ProducerConfig    : ProducerConfig values: 
	acks = -1
	auto.include.jmx.reporter = true
	batch.size = 16384
	bootstrap.servers = [localhost:9092]
	buffer.memory = 33554432
	client.dns.lookup = use_all_dns_ips
	client.id = producer-1
	compression.type = none
	connections.max.idle.ms = 540000
	delivery.timeout.ms = 120000
	enable.idempotence = true
	interceptor.classes = []
	key.serializer = class org.apache.kafka.common.serialization.StringSerializer
	linger.ms = 0
	max.block.ms = 60000
	max.in.flight.requests.per.connection = 5
	max.request.size = 1048576
	metadata.max.age.ms = 300000
	metadata.max.idle.ms = 300000
	metric.reporters = []
	metrics.num.samples = 2
	metrics.recording.level = INFO
	metrics.sample.window.ms = 30000
	partitioner.adaptive.partitioning.enable = true
	partitioner.availability.timeout.ms = 0
	partitioner.class = null
	partitioner.ignore.keys = false
	receive.buffer.bytes = 32768
	reconnect.backoff.max.ms = 1000
	reconnect.backoff.ms = 50
	request.timeout.ms = 30000
	retries = 2147483647
	retry.backoff.ms = 100
	sasl.client.callback.handler.class = null
	sasl.jaas.config = null
	sasl.kerberos.kinit.cmd = /usr/bin/kinit
	sasl.kerberos.min.time.before.relogin = 60000
	sasl.kerberos.service.name = null
	sasl.kerberos.ticket.renew.jitter = 0.05
	sasl.kerberos.ticket.renew.window.factor = 0.8
	sasl.login.callback.handler.class = null
	sasl.login.class = null
	sasl.login.connect.timeout.ms = null
	sasl.login.read.timeout.ms = null
	sasl.login.refresh.buffer.seconds = 300
	sasl.login.refresh.min.period.seconds = 60
	sasl.login.refresh.window.factor = 0.8
	sasl.login.refresh.window.jitter = 0.05
	sasl.login.retry.backoff.max.ms = 10000
	sasl.login.retry.backoff.ms = 100
	sasl.mechanism = GSSAPI
	sasl.oauthbearer.clock.skew.seconds = 30
	sasl.oauthbearer.expected.audience = null
	sasl.oauthbearer.expected.issuer = null
	sasl.oauthbearer.jwks.endpoint.refresh.ms = 3600000
	sasl.oauthbearer.jwks.endpoint.retry.backoff.max.ms = 10000
	sasl.oauthbearer.jwks.endpoint.retry.backoff.ms = 100
	sasl.oauthbearer.jwks.endpoint.url = null
	sasl.oauthbearer.scope.claim.name = scope
	sasl.oauthbearer.sub.claim.name = sub
	sasl.oauthbearer.token.endpoint.url = null
	security.protocol = PLAINTEXT
	security.providers = null
	send.buffer.bytes = 131072
	socket.connection.setup.timeout.max.ms = 30000
	socket.connection.setup.timeout.ms = 10000
	ssl.cipher.suites = null
	ssl.enabled.protocols = [TLSv1.2, TLSv1.3]
	ssl.endpoint.identification.algorithm = https
	ssl.engine.factory.class = null
	ssl.key.password = null
	ssl.keymanager.algorithm = SunX509
	ssl.keystore.certificate.chain = null
	ssl.keystore.key = null
	ssl.keystore.location = null
	ssl.keystore.password = null
	ssl.keystore.type = JKS
	ssl.protocol = TLSv1.3
	ssl.provider = null
	ssl.secure.random.implementation = null
	ssl.trustmanager.algorithm = PKIX
	ssl.truststore.certificates = null
	ssl.truststore.location = null
	ssl.truststore.password = null
	ssl.truststore.type = JKS
	transaction.timeout.ms = 60000
	transactional.id = null
	value.serializer = class org.springframework.kafka.support.serializer.JsonSerializer

2026-03-12T12:17:15.181+05:30  INFO 23420 --- [order-service] [http-nio-8081-exec-7] o.a.k.clients.producer.KafkaProducer     : [Producer clientId=producer-1] Instantiated an idempotent producer.
2026-03-12T12:17:15.285+05:30  INFO 23420 --- [order-service] [http-nio-8081-exec-7] o.a.kafka.common.utils.AppInfoParser     : Kafka version: 3.6.2
2026-03-12T12:17:15.286+05:30  INFO 23420 --- [order-service] [http-nio-8081-exec-7] o.a.kafka.common.utils.AppInfoParser     : Kafka commitId: c4deed513057c94e
2026-03-12T12:17:15.287+05:30  INFO 23420 --- [order-service] [http-nio-8081-exec-7] o.a.kafka.common.utils.AppInfoParser     : Kafka startTimeMs: 1773298035282
2026-03-12T12:17:16.204+05:30  INFO 23420 --- [order-service] [kafka-producer-network-thread | producer-1] org.apache.kafka.clients.Metadata        : [Producer clientId=producer-1] Cluster ID: DmOpNCzQREyQyxZAd1qtBQ
2026-03-12T12:17:16.210+05:30  INFO 23420 --- [order-service] [kafka-producer-network-thread | producer-1] o.a.k.c.p.internals.TransactionManager   : [Producer clientId=producer-1] ProducerId set to 3 with epoch 0
2026-03-12T12:17:16.256+05:30  INFO 23420 --- [order-service] [http-nio-8081-exec-7] c.p.o.service.impl.OrderServiceImpl      : Order saved successfully for the Product : Dairy
2026-03-12T12:24:20.492+05:30  INFO 23420 --- [order-service] [SpringApplicationShutdownHook] o.a.k.clients.producer.KafkaProducer     : [Producer clientId=producer-1] Closing the Kafka producer with timeoutMillis = 30000 ms.
2026-03-12T12:24:20.506+05:30  INFO 23420 --- [order-service] [SpringApplicationShutdownHook] o.apache.kafka.common.metrics.Metrics    : Metrics scheduler closed
2026-03-12T12:24:20.507+05:30  INFO 23420 --- [order-service] [SpringApplicationShutdownHook] o.apache.kafka.common.metrics.Metrics    : Closing reporter org.apache.kafka.common.metrics.JmxReporter
2026-03-12T12:24:20.508+05:30  INFO 23420 --- [order-service] [SpringApplicationShutdownHook] o.apache.kafka.common.metrics.Metrics    : Metrics reporters closed
2026-03-12T12:24:20.509+05:30  INFO 23420 --- [order-service] [SpringApplicationShutdownHook] o.a.kafka.common.utils.AppInfoParser     : App info kafka.producer for producer-1 unregistered
2026-03-12T12:24:20.517+05:30  INFO 23420 --- [order-service] [SpringApplicationShutdownHook] j.LocalContainerEntityManagerFactoryBean : Closing JPA EntityManagerFactory for persistence unit 'default'
2026-03-12T12:24:20.520+05:30  INFO 23420 --- [order-service] [SpringApplicationShutdownHook] com.zaxxer.hikari.HikariDataSource       : HikariPool-1 - Shutdown initiated...
2026-03-12T12:24:20.523+05:30  INFO 23420 --- [order-service] [SpringApplicationShutdownHook] com.zaxxer.hikari.HikariDataSource       : HikariPool-1 - Shutdown completed.
